      Time   FAIRTEN1   FAIRTEN2   FAIRTEN3   ANCHTEN1   ANCHTEN2   ANCHTEN3
       (s)        (N)        (N)        (N)        (N)        (N)        (N)
    0.0000 0.999275E+06 0.137316E+07 0.999275E+06 0.802055E+06 0.117414E+07 0.802055E+06
    0.0125 0.999033E+06 0.137363E+07 0.999014E+06 0.801905E+06 0.117413E+07 0.801905E+06
    0.0250 0.998842E+06 0.137385E+07 0.998814E+06 0.801757E+06 0.117411E+07 0.801757E+06
    0.0375 0.998639E+06 0.137417E+07 0.998599E+06 0.801612E+06 0.117410E+07 0.801612E+06
    0.0500 0.998420E+06 0.137452E+07 0.998366E+06 0.801468E+06 0.117409E+07 0.801468E+06
    0.0625 0.998211E+06 0.137486E+07 0.998144E+06 0.801327E+06 0.117408E+07 0.801327E+06
    0.0750 0.997998E+06 0.137521E+07 0.997918E+06 0.801189E+06 0.117408E+07 0.801189E+06
    0.0875 0.997785E+06 0.137555E+07 0.997692E+06 0.801052E+06 0.117407E+07 0.801052E+06
    0.1000 0.997572E+06 0.137590E+07 0.997467E+06 0.800919E+06 0.117407E+07 0.800919E+06
    0.1125 0.997360E+06 0.137626E+07 0.997242E+06 0.800788E+06 0.117406E+07 0.800788E+06
    0.1250 0.997148E+06 0.137661E+07 0.997017E+06 0.800660E+06 0.117406E+07 0.800660E+06
    0.1375 0.996937E+06 0.137697E+07 0.996793E+06 0.800535E+06 0.117406E+07 0.800535E+06
    0.1500 0.996726E+06 0.137733E+07 0.996569E+06 0.800412E+06 0.117406E+07 0.800412E+06
    0.1625 0.996516E+06 0.137770E+07 0.996347E+06 0.800293E+06 0.117406E+07 0.800292E+06
    0.1750 0.996308E+06 0.137806E+07 0.996126E+06 0.800175E+06 0.117407E+07 0.800175E+06
    0.1875 0.996100E+06 0.137843E+07 0.995906E+06 0.800060E+06 0.117409E+07 0.800059E+06
    0.2000 0.995894E+06 0.137880E+07 0.995687E+06 0.799946E+06 0.117411E+07 0.799945E+06
    0.2125 0.995689E+06 0.137917E+07 0.995470E+06 0.799833E+06 0.117415E+07 0.799830E+06
    0.2250 0.995487E+06 0.137954E+07 0.995255E+06 0.799719E+06 0.117421E+07 0.799714E+06
    0.2375 0.995286E+06 0.137992E+07 0.995042E+06 0.799603E+06 0.117429E+07 0.799596E+06
    0.2500 0.995087E+06 0.138029E+07 0.994832E+06 0.799484E+06 0.117441E+07 0.799473E+06
    0.2625 0.994890E+06 0.138067E+07 0.994623E+06 0.799361E+06 0.117456E+07 0.799344E+06
    0.2750 0.994695E+06 0.138104E+07 0.994417E+06 0.799232E+06 0.117476E+07 0.799209E+06
    0.2875 0.994503E+06 0.138142E+07 0.994213E+06 0.799097E+06 0.117500E+07 0.799066E+06
    0.3000 0.994313E+06 0.138180E+07 0.994012E+06 0.798955E+06 0.117529E+07 0.798914E+06
    0.3125 0.994126E+06 0.138218E+07 0.993814E+06 0.798806E+06 0.117562E+07 0.798753E+06
    0.3250 0.993942E+06 0.138256E+07 0.993618E+06 0.798650E+06 0.117601E+07 0.798583E+06
    0.3375 0.993760E+06 0.138294E+07 0.993426E+06 0.798487E+06 0.117644E+07 0.798405E+06
    0.3500 0.993581E+06 0.138332E+07 0.993237E+06 0.798318E+06 0.117692E+07 0.798219E+06
    0.3625 0.993405E+06 0.138370E+07 0.993051E+06 0.798142E+06 0.117743E+07 0.798026E+06
    0.3750 0.993232E+06 0.138408E+07 0.992868E+06 0.797962E+06 0.117798E+07 0.797827E+06
    0.3875 0.993063E+06 0.138446E+07 0.992688E+06 0.797778E+06 0.117856E+07 0.797623E+06
    0.4000 0.992896E+06 0.138484E+07 0.992512E+06 0.797590E+06 0.117917E+07 0.797415E+06
    0.4125 0.992732E+06 0.138522E+07 0.992338E+06 0.797400E+06 0.117979E+07 0.797204E+06
    0.4250 0.992572E+06 0.138560E+07 0.992168E+06 0.797208E+06 0.118044E+07 0.796991E+06
    0.4375 0.992414E+06 0.138599E+07 0.992001E+06 0.797016E+06 0.118109E+07 0.796777E+06
    0.4500 0.992258E+06 0.138638E+07 0.991837E+06 0.796822E+06 0.118176E+07 0.796562E+06
    0.4625 0.992106E+06 0.138677E+07 0.991675E+06 0.796629E+06 0.118244E+07 0.796347E+06
    0.4750 0.991955E+06 0.138717E+07 0.991515E+06 0.796436E+06 0.118312E+07 0.796133E+06
    0.4875 0.991806E+06 0.138757E+07 0.991357E+06 0.796245E+06 0.118381E+07 0.795919E+06
    0.5000 0.991658E+06 0.138799E+07 0.991200E+06 0.796054E+06 0.118450E+07 0.795708E+06
    0.5125 0.991511E+06 0.138841E+07 0.991043E+06 0.795866E+06 0.118519E+07 0.795498E+06
    0.5250 0.991364E+06 0.138885E+07 0.990886E+06 0.795679E+06 0.118588E+07 0.795290E+06
    0.5375 0.991217E+06 0.138931E+07 0.990728E+06 0.795494E+06 0.118657E+07 0.795084E+06
    0.5500 0.991069E+06 0.138979E+07 0.990569E+06 0.795311E+06 0.118727E+07 0.794881E+06
    0.5625 0.990918E+06 0.139029E+07 0.990407E+06 0.795131E+06 0.118796E+07 0.794681E+06
    0.5750 0.990766E+06 0.139081E+07 0.990242E+06 0.794953E+06 0.118864E+07 0.794483E+06
    0.5875 0.990611E+06 0.139136E+07 0.990074E+06 0.794778E+06 0.118933E+07 0.794289E+06
    0.6000 0.990453E+06 0.139194E+07 0.989902E+06 0.794605E+06 0.119001E+07 0.794098E+06
    0.6125 0.990291E+06 0.139255E+07 0.989725E+06 0.794435E+06 0.119070E+07 0.793910E+06
    0.6250 0.990126E+06 0.139318E+07 0.989545E+06 0.794269E+06 0.119137E+07 0.793725E+06
    0.6375 0.989958E+06 0.139385E+07 0.989360E+06 0.794105E+06 0.119205E+07 0.793544E+06
    0.6500 0.989786E+06 0.139454E+07 0.989170E+06 0.793944E+06 0.119272E+07 0.793366E+06
    0.6625 0.989610E+06 0.139526E+07 0.988976E+06 0.793786E+06 0.119339E+07 0.793191E+06
    0.6750 0.989431E+06 0.139600E+07 0.988779E+06 0.793632E+06 0.119405E+07 0.793020E+06
    0.6875 0.989249E+06 0.139677E+07 0.988577E+06 0.793480E+06 0.119471E+07 0.792853E+06
    0.7000 0.989064E+06 0.139756E+07 0.988372E+06 0.793331E+06 0.119537E+07 0.792689E+06
    0.7125 0.988876E+06 0.139837E+07 0.988165E+06 0.793186E+06 0.119603E+07 0.792528E+06
    0.7250 0.988687E+06 0.139920E+07 0.987955E+06 0.793043E+06 0.119668E+07 0.792371E+06
    0.7375 0.988496E+06 0.140004E+07 0.987743E+06 0.792903E+06 0.119733E+07 0.792217E+06
    0.7500 0.988304E+06 0.140089E+07 0.987530E+06 0.792766E+06 0.119798E+07 0.792065E+06
    0.7625 0.988111E+06 0.140175E+07 0.987317E+06 0.792631E+06 0.119863E+07 0.791917E+06
    0.7750 0.987919E+06 0.140262E+07 0.987103E+06 0.792498E+06 0.119928E+07 0.791771E+06
    0.7875 0.987726E+06 0.140350E+07 0.986890E+06 0.792367E+06 0.119994E+07 0.791626E+06
    0.8000 0.987534E+06 0.140437E+07 0.986677E+06 0.792237E+06 0.120059E+07 0.791484E+06
    0.8125 0.987343E+06 0.140525E+07 0.986466E+06 0.792109E+06 0.120125E+07 0.791343E+06
    0.8250 0.987154E+06 0.140613E+07 0.986257E+06 0.791981E+06 0.120192E+07 0.791202E+06
    0.8375 0.986966E+06 0.140700E+07 0.986050E+06 0.791854E+06 0.120259E+07 0.791062E+06
    0.8500 0.986781E+06 0.140787E+07 0.985846E+06 0.791727E+06 0.120328E+07 0.790923E+06
    0.8625 0.986598E+06 0.140873E+07 0.985645E+06 0.791600E+06 0.120397E+07 0.790782E+06
    0.8750 0.986418E+06 0.140958E+07 0.985447E+06 0.791472E+06 0.120467E+07 0.790641E+06
    0.8875 0.986241E+06 0.141043E+07 0.985253E+06 0.791343E+06 0.120539E+07 0.790499E+06
    0.9000 0.986067E+06 0.141127E+07 0.985062E+06 0.791212E+06 0.120612E+07 0.790356E+06
    0.9125 0.985895E+06 0.141210E+07 0.984875E+06 0.791081E+06 0.120687E+07 0.790210E+06
    0.9250 0.985727E+06 0.141292E+07 0.984691E+06 0.790947E+06 0.120763E+07 0.790063E+06
    0.9375 0.985563E+06 0.141373E+07 0.984512E+06 0.790812E+06 0.120840E+07 0.789913E+06
    0.9500 0.985401E+06 0.141453E+07 0.984336E+06 0.790675E+06 0.120919E+07 0.789762E+06
    0.9625 0.985243E+06 0.141532E+07 0.984165E+06 0.790535E+06 0.121000E+07 0.789607E+06
    0.9750 0.985088E+06 0.141609E+07 0.983997E+06 0.790394E+06 0.121082E+07 0.789451E+06
    0.9875 0.984937E+06 0.141686E+07 0.983834E+06 0.790250E+06 0.121165E+07 0.789292E+06
    1.0000 0.984789E+06 0.141762E+07 0.983674E+06 0.790105E+06 0.121249E+07 0.789132E+06
    1.0125 0.984644E+06 0.141836E+07 0.983518E+06 0.789957E+06 0.121335E+07 0.788969E+06
    1.0250 0.984504E+06 0.141910E+07 0.983367E+06 0.789808E+06 0.121422E+07 0.788805E+06
    1.0375 0.984366E+06 0.141982E+07 0.983219E+06 0.789658E+06 0.121509E+07 0.788639E+06
    1.0500 0.984231E+06 0.142054E+07 0.983075E+06 0.789507E+06 0.121597E+07 0.788473E+06
    1.0625 0.984100E+06 0.142124E+07 0.982935E+06 0.789355E+06 0.121685E+07 0.788306E+06
    1.0750 0.983971E+06 0.142194E+07 0.982797E+06 0.789202E+06 0.121774E+07 0.788138E+06
    1.0875 0.983845E+06 0.142263E+07 0.982663E+06 0.789049E+06 0.121863E+07 0.787970E+06
    1.1000 0.983721E+06 0.142331E+07 0.982531E+06 0.788897E+06 0.121951E+07 0.787803E+06
    1.1125 0.983599E+06 0.142399E+07 0.982401E+06 0.788744E+06 0.122040E+07 0.787637E+06
    1.1250 0.983479E+06 0.142466E+07 0.982273E+06 0.788593E+06 0.122128E+07 0.787472E+06
    1.1375 0.983360E+06 0.142533E+07 0.982147E+06 0.788442E+06 0.122215E+07 0.787308E+06
    1.1500 0.983242E+06 0.142600E+07 0.982022E+06 0.788293E+06 0.122301E+07 0.787146E+06
    1.1625 0.983125E+06 0.142666E+07 0.981897E+06 0.788145E+06 0.122387E+07 0.786987E+06
    1.1750 0.983008E+06 0.142733E+07 0.981773E+06 0.787999E+06 0.122472E+07 0.786830E+06
    1.1875 0.982891E+06 0.142799E+07 0.981650E+06 0.787855E+06 0.122555E+07 0.786675E+06
    1.2000 0.982774E+06 0.142866E+07 0.981526E+06 0.787714E+06 0.122637E+07 0.786523E+06
    1.2125 0.982656E+06 0.142933E+07 0.981401E+06 0.787574E+06 0.122718E+07 0.786375E+06
    1.2250 0.982539E+06 0.143000E+07 0.981277E+06 0.787438E+06 0.122797E+07 0.786229E+06
    1.2375 0.982420E+06 0.143067E+07 0.981152E+06 0.787304E+06 0.122875E+07 0.786087E+06
    1.2500 0.982301E+06 0.143134E+07 0.981026E+06 0.787172E+06 0.122951E+07 0.785948E+06
    1.2625 0.982181E+06 0.143202E+07 0.980899E+06 0.787044E+06 0.123025E+07 0.785813E+06
    1.2750 0.982060E+06 0.143270E+07 0.980771E+06 0.786918E+06 0.123098E+07 0.785682E+06
    1.2875 0.981938E+06 0.143338E+07 0.980642E+06 0.786796E+06 0.123169E+07 0.785554E+06
    1.3000 0.981814E+06 0.143407E+07 0.980512E+06 0.786676E+06 0.123239E+07 0.785429E+06
    1.3125 0.981690E+06 0.143475E+07 0.980381E+06 0.786560E+06 0.123306E+07 0.785308E+06
    1.3250 0.981564E+06 0.143544E+07 0.980249E+06 0.786446E+06 0.123373E+07 0.785190E+06
    1.3375 0.981437E+06 0.143612E+07 0.980116E+06 0.786335E+06 0.123437E+07 0.785076E+06
    1.3500 0.981310E+06 0.143681E+07 0.979982E+06 0.786226E+06 0.123500E+07 0.784966E+06
    1.3625 0.981181E+06 0.143749E+07 0.979848E+06 0.786121E+06 0.123561E+07 0.784858E+06
    1.3750 0.981052E+06 0.143817E+07 0.979714E+06 0.786018E+06 0.123621E+07 0.784753E+06
    1.3875 0.980923E+06 0.143884E+07 0.979579E+06 0.785917E+06 0.123679E+07 0.784650E+06
    1.4000 0.980793E+06 0.143951E+07 0.979444E+06 0.785818E+06 0.123736E+07 0.784551E+06
    1.4125 0.980664E+06 0.144018E+07 0.979310E+06 0.785721E+06 0.123792E+07 0.784453E+06
    1.4250 0.980535E+06 0.144083E+07 0.979177E+06 0.785626E+06 0.123846E+07 0.784357E+06
    1.4375 0.980407E+06 0.144147E+07 0.979045E+06 0.785532E+06 0.123899E+07 0.784263E+06
    1.4500 0.980280E+06 0.144210E+07 0.978915E+06 0.785439E+06 0.123951E+07 0.784171E+06
    1.4625 0.980154E+06 0.144272E+07 0.978786E+06 0.785347E+06 0.124003E+07 0.784079E+06
    1.4750 0.980030E+06 0.144332E+07 0.978660E+06 0.785256E+06 0.124053E+07 0.783989E+06
    1.4875 0.979908E+06 0.144391E+07 0.978536E+06 0.785166E+06 0.124102E+07 0.783899E+06
    1.5000 0.979787E+06 0.144449E+07 0.978414E+06 0.785075E+06 0.124151E+07 0.783809E+06
    1.5125 0.979668E+06 0.144504E+07 0.978294E+06 0.784985E+06 0.124199E+07 0.783720E+06
    1.5250 0.979552E+06 0.144558E+07 0.978178E+06 0.784894E+06 0.124246E+07 0.783630E+06
    1.5375 0.979437E+06 0.144610E+07 0.978064E+06 0.784803E+06 0.124293E+07 0.783540E+06
    1.5500 0.979325E+06 0.144661E+07 0.977953E+06 0.784712E+06 0.124339E+07 0.783450E+06
    1.5625 0.979215E+06 0.144709E+07 0.977844E+06 0.784619E+06 0.124385E+07 0.783359E+06
    1.5750 0.979108E+06 0.144755E+07 0.977739E+06 0.784526E+06 0.124431E+07 0.783268E+06
    1.5875 0.979003E+06 0.144800E+07 0.977637E+06 0.784433E+06 0.124475E+07 0.783176E+06
    1.6000 0.978901E+06 0.144842E+07 0.977538E+06 0.784338E+06 0.124520E+07 0.783082E+06
    1.6125 0.978802E+06 0.144883E+07 0.977442E+06 0.784242E+06 0.124564E+07 0.782988E+06
    1.6250 0.978706E+06 0.144921E+07 0.977351E+06 0.784145E+06 0.124607E+07 0.782894E+06
    1.6375 0.978612E+06 0.144958E+07 0.977261E+06 0.784047E+06 0.124650E+07 0.782798E+06
    1.6500 0.978521E+06 0.144992E+07 0.977176E+06 0.783948E+06 0.124693E+07 0.782701E+06
    1.6625 0.978433E+06 0.145025E+07 0.977093E+06 0.783849E+06 0.124734E+07 0.782604E+06
    1.6750 0.978348E+06 0.145056E+07 0.977013E+06 0.783748E+06 0.124775E+07 0.782506E+06
    1.6875 0.978265E+06 0.145085E+07 0.976936E+06 0.783647E+06 0.124816E+07 0.782408E+06
    1.7000 0.978184E+06 0.145112E+07 0.976862E+06 0.783546E+06 0.124855E+07 0.782310E+06
    1.7125 0.978106E+06 0.145137E+07 0.976790E+06 0.783444E+06 0.124894E+07 0.782211E+06
    1.7250 0.978029E+06 0.145161E+07 0.976720E+06 0.783342E+06 0.124931E+07 0.782113E+06
    1.7375 0.977954E+06 0.145183E+07 0.976652E+06 0.783240E+06 0.124968E+07 0.782015E+06
    1.7500 0.977880E+06 0.145204E+07 0.976585E+06 0.783138E+06 0.125003E+07 0.781917E+06
    1.7625 0.977808E+06 0.145224E+07 0.976520E+06 0.783037E+06 0.125037E+07 0.781820E+06
    1.7750 0.977737E+06 0.145242E+07 0.976456E+06 0.782936E+06 0.125070E+07 0.781724E+06
    1.7875 0.977667E+06 0.145259E+07 0.976392E+06 0.782836E+06 0.125101E+07 0.781630E+06
    1.8000 0.977597E+06 0.145275E+07 0.976330E+06 0.782737E+06 0.125130E+07 0.781536E+06
    1.8125 0.977528E+06 0.145290E+07 0.976268E+06 0.782640E+06 0.125159E+07 0.781444E+06
    1.8250 0.977460E+06 0.145304E+07 0.976207E+06 0.782543E+06 0.125185E+07 0.781354E+06
    1.8375 0.977392E+06 0.145316E+07 0.976146E+06 0.782448E+06 0.125210E+07 0.781265E+06
    1.8500 0.977324E+06 0.145328E+07 0.976085E+06 0.782354E+06 0.125233E+07 0.781178E+06
    1.8625 0.977257E+06 0.145340E+07 0.976025E+06 0.782262E+06 0.125255E+07 0.781093E+06
    1.8750 0.977190E+06 0.145350E+07 0.975964E+06 0.782171E+06 0.125274E+07 0.781010E+06
    1.8875 0.977122E+06 0.145360E+07 0.975903E+06 0.782083E+06 0.125292E+07 0.780930E+06
    1.9000 0.977054E+06 0.145369E+07 0.975842E+06 0.781996E+06 0.125308E+07 0.780851E+06
    1.9125 0.976986E+06 0.145377E+07 0.975781E+06 0.781912E+06 0.125322E+07 0.780775E+06
    1.9250 0.976918E+06 0.145384E+07 0.975719E+06 0.781829E+06 0.125334E+07 0.780702E+06
    1.9375 0.976849E+06 0.145391E+07 0.975656E+06 0.781749E+06 0.125345E+07 0.780630E+06
    1.9500 0.976780E+06 0.145398E+07 0.975593E+06 0.781670E+06 0.125353E+07 0.780561E+06
    1.9625 0.976711E+06 0.145403E+07 0.975530E+06 0.781594E+06 0.125360E+07 0.780494E+06
    1.9750 0.976641E+06 0.145408E+07 0.975466E+06 0.781520E+06 0.125366E+07 0.780429E+06
    1.9875 0.976570E+06 0.145412E+07 0.975401E+06 0.781447E+06 0.125369E+07 0.780366E+06
    2.0000 0.976499E+06 0.145416E+07 0.975336E+06 0.781377E+06 0.125371E+07 0.780305E+06
    2.0125 0.976428E+06 0.145419E+07 0.975271E+06 0.781308E+06 0.125371E+07 0.780246E+06
    2.0250 0.976359E+06 0.145421E+07 0.975207E+06 0.781241E+06 0.125370E+07 0.780188E+06
    2.0375 0.976289E+06 0.145422E+07 0.975143E+06 0.781175E+06 0.125368E+07 0.780132E+06
    2.0500 0.976219E+06 0.145422E+07 0.975079E+06 0.781111E+06 0.125364E+07 0.780078E+06
    2.0625 0.976151E+06 0.145421E+07 0.975016E+06 0.781048E+06 0.125358E+07 0.780024E+06
    2.0750 0.976083E+06 0.145419E+07 0.974954E+06 0.780987E+06 0.125352E+07 0.779972E+06
    2.0875 0.976016E+06 0.145416E+07 0.974893E+06 0.780926E+06 0.125344E+07 0.779921E+06
    2.1000 0.975950E+06 0.145411E+07 0.974833E+06 0.780866E+06 0.125336E+07 0.779870E+06
    2.1125 0.975886E+06 0.145406E+07 0.974774E+06 0.780807E+06 0.125326E+07 0.779820E+06
    2.1250 0.975822E+06 0.145399E+07 0.974717E+06 0.780749E+06 0.125316E+07 0.779770E+06
    2.1375 0.975760E+06 0.145391E+07 0.974661E+06 0.780692E+06 0.125304E+07 0.779721E+06
    2.1500 0.975700E+06 0.145382E+07 0.974606E+06 0.780635E+06 0.125292E+07 0.779672E+06
    2.1625 0.975641E+06 0.145372E+07 0.974553E+06 0.780578E+06 0.125280E+07 0.779623E+06
    2.1750 0.975584E+06 0.145360E+07 0.974502E+06 0.780522E+06 0.125266E+07 0.779574E+06
    2.1875 0.975528E+06 0.145347E+07 0.974453E+06 0.780465E+06 0.125252E+07 0.779525E+06
    2.2000 0.975475E+06 0.145332E+07 0.974406E+06 0.780409E+06 0.125237E+07 0.779476E+06
    2.2125 0.975423E+06 0.145316E+07 0.974360E+06 0.780353E+06 0.125222E+07 0.779426E+06
    2.2250 0.975375E+06 0.145299E+07 0.974318E+06 0.780297E+06 0.125207E+07 0.779377E+06
    2.2375 0.975328E+06 0.145280E+07 0.974277E+06 0.780241E+06 0.125191E+07 0.779326E+06
    2.2500 0.975284E+06 0.145260E+07 0.974239E+06 0.780184E+06 0.125174E+07 0.779276E+06
    2.2625 0.975242E+06 0.145239E+07 0.974203E+06 0.780128E+06 0.125157E+07 0.779225E+06
    2.2750 0.975203E+06 0.145216E+07 0.974170E+06 0.780072E+06 0.125140E+07 0.779174E+06
    2.2875 0.975166E+06 0.145192E+07 0.974138E+06 0.780016E+06 0.125122E+07 0.779122E+06
    2.3000 0.975131E+06 0.145167E+07 0.974109E+06 0.779960E+06 0.125104E+07 0.779070E+06
    2.3125 0.975098E+06 0.145141E+07 0.974082E+06 0.779904E+06 0.125086E+07 0.779018E+06
    2.3250 0.975068E+06 0.145113E+07 0.974057E+06 0.779848E+06 0.125067E+07 0.778967E+06
    2.3375 0.975040E+06 0.145084E+07 0.974034E+06 0.779793E+06 0.125047E+07 0.778915E+06
    2.3500 0.975013E+06 0.145055E+07 0.974012E+06 0.779738E+06 0.125027E+07 0.778863E+06
    2.3625 0.974988E+06 0.145024E+07 0.973992E+06 0.779684E+06 0.125007E+07 0.778812E+06
    2.3750 0.974965E+06 0.144993E+07 0.973974E+06 0.779630E+06 0.124986E+07 0.778762E+06
    2.3875 0.974944E+06 0.144961E+07 0.973956E+06 0.779577E+06 0.124964E+07 0.778711E+06
    2.4000 0.974924E+06 0.144927E+07 0.973940E+06 0.779526E+06 0.124942E+07 0.778662E+06
    2.4125 0.974906E+06 0.144894E+07 0.973926E+06 0.779475E+06 0.124919E+07 0.778614E+06
    2.4250 0.974889E+06 0.144859E+07 0.973912E+06 0.779425E+06 0.124895E+07 0.778566E+06
    2.4375 0.974874E+06 0.144824E+07 0.973900E+06 0.779377E+06 0.124871E+07 0.778520E+06
    2.4500 0.974860E+06 0.144789E+07 0.973889E+06 0.779330E+06 0.124846E+07 0.778474E+06
    2.4625 0.974848E+06 0.144753E+07 0.973878E+06 0.779285E+06 0.124820E+07 0.778430E+06
    2.4750 0.974837E+06 0.144717E+07 0.973869E+06 0.779241E+06 0.124794E+07 0.778388E+06
    2.4875 0.974827E+06 0.144680E+07 0.973860E+06 0.779199E+06 0.124766E+07 0.778347E+06
    2.5000 0.974817E+06 0.144643E+07 0.973852E+06 0.779159E+06 0.124738E+07 0.778308E+06
    2.5125 0.974809E+06 0.144606E+07 0.973844E+06 0.779121E+06 0.124709E+07 0.778270E+06
    2.5250 0.974802E+06 0.144568E+07 0.973837E+06 0.779085E+06 0.124680E+07 0.778235E+06
    2.5375 0.974795E+06 0.144531E+07 0.973830E+06 0.779051E+06 0.124649E+07 0.778201E+06
    2.5500 0.974789E+06 0.144493E+07 0.973823E+06 0.779019E+06 0.124618E+07 0.778169E+06
    2.5625 0.974784E+06 0.144455E+07 0.973817E+06 0.778989E+06 0.124586E+07 0.778140E+06
    2.5750 0.974779E+06 0.144417E+07 0.973811E+06 0.778962E+06 0.124553E+07 0.778112E+06
    2.5875 0.974776E+06 0.144379E+07 0.973806E+06 0.778937E+06 0.124519E+07 0.778086E+06
    2.6000 0.974772E+06 0.144341E+07 0.973800E+06 0.778914E+06 0.124484E+07 0.778062E+06
    2.6125 0.974770E+06 0.144303E+07 0.973795E+06 0.778893E+06 0.124449E+07 0.778041E+06
    2.6250 0.974769E+06 0.144265E+07 0.973792E+06 0.778875E+06 0.124413E+07 0.778021E+06
    2.6375 0.974769E+06 0.144226E+07 0.973788E+06 0.778858E+06 0.124377E+07 0.778003E+06
    2.6500 0.974770E+06 0.144188E+07 0.973786E+06 0.778844E+06 0.124340E+07 0.777987E+06
    2.6625 0.974772E+06 0.144149E+07 0.973784E+06 0.778832E+06 0.124302E+07 0.777973E+06
    2.6750 0.974776E+06 0.144110E+07 0.973784E+06 0.778822E+06 0.124264E+07 0.777960E+06
    2.6875 0.974781E+06 0.144071E+07 0.973785E+06 0.778814E+06 0.124225E+07 0.777949E+06
    2.7000 0.974787E+06 0.144032E+07 0.973786E+06 0.778808E+06 0.124186E+07 0.777940E+06
    2.7125 0.974795E+06 0.143992E+07 0.973790E+06 0.778803E+06 0.124146E+07 0.777932E+06
    2.7250 0.974805E+06 0.143953E+07 0.973794E+06 0.778801E+06 0.124107E+07 0.777926E+06
    2.7375 0.974816E+06 0.143913E+07 0.973800E+06 0.778800E+06 0.124066E+07 0.777921E+06
    2.7500 0.974829E+06 0.143873E+07 0.973807E+06 0.778801E+06 0.124026E+07 0.777918E+06
    2.7625 0.974844E+06 0.143832E+07 0.973817E+06 0.778803E+06 0.123986E+07 0.777916E+06
    2.7750 0.974860E+06 0.143791E+07 0.973828E+06 0.778808E+06 0.123945E+07 0.777915E+06
    2.7875 0.974879E+06 0.143750E+07 0.973840E+06 0.778813E+06 0.123904E+07 0.777915E+06
    2.8000 0.974900E+06 0.143709E+07 0.973855E+06 0.778820E+06 0.123864E+07 0.777916E+06
    2.8125 0.974923E+06 0.143667E+07 0.973872E+06 0.778829E+06 0.123823E+07 0.777918E+06
    2.8250 0.974948E+06 0.143625E+07 0.973891E+06 0.778838E+06 0.123782E+07 0.777922E+06
    2.8375 0.974976E+06 0.143582E+07 0.973912E+06 0.778850E+06 0.123741E+07 0.777926E+06
    2.8500 0.975007E+06 0.143539E+07 0.973936E+06 0.778862E+06 0.123701E+07 0.777931E+06
    2.8625 0.975040E+06 0.143495E+07 0.973962E+06 0.778875E+06 0.123660E+07 0.777937E+06
    2.8750 0.975076E+06 0.143451E+07 0.973991E+06 0.778890E+06 0.123620E+07 0.777944E+06
    2.8875 0.975114E+06 0.143407E+07 0.974022E+06 0.778906E+06 0.123580E+07 0.777951E+06
    2.9000 0.975155E+06 0.143362E+07 0.974056E+06 0.778923E+06 0.123540E+07 0.777960E+06
    2.9125 0.975198E+06 0.143317E+07 0.974092E+06 0.778942E+06 0.123500E+07 0.777970E+06
    2.9250 0.975244E+06 0.143271E+07 0.974130E+06 0.778962E+06 0.123460E+07 0.777980E+06
    2.9375 0.975292E+06 0.143226E+07 0.974171E+06 0.778983E+06 0.123420E+07 0.777992E+06
    2.9500 0.975344E+06 0.143179E+07 0.974214E+06 0.779005E+06 0.123381E+07 0.778005E+06
    2.9625 0.975397E+06 0.143133E+07 0.974260E+06 0.779029E+06 0.123341E+07 0.778019E+06
    2.9750 0.975453E+06 0.143086E+07 0.974307E+06 0.779055E+06 0.123302E+07 0.778035E+06
    2.9875 0.975511E+06 0.143039E+07 0.974357E+06 0.779082E+06 0.123263E+07 0.778051E+06
    3.0000 0.975572E+06 0.142992E+07 0.974410E+06 0.779110E+06 0.123224E+07 0.778070E+06
    3.0125 0.975635E+06 0.142945E+07 0.974464E+06 0.779140E+06 0.123185E+07 0.778089E+06
    3.0250 0.975700E+06 0.142897E+07 0.974520E+06 0.779172E+06 0.123146E+07 0.778111E+06
    3.0375 0.975768E+06 0.142850E+07 0.974579E+06 0.779206E+06 0.123107E+07 0.778134E+06
    3.0500 0.975837E+06 0.142802E+07 0.974640E+06 0.779241E+06 0.123068E+07 0.778158E+06
    3.0625 0.975909E+06 0.142754E+07 0.974702E+06 0.779279E+06 0.123028E+07 0.778185E+06
    3.0750 0.975983E+06 0.142707E+07 0.974766E+06 0.779318E+06 0.122989E+07 0.778213E+06
    3.0875 0.976059E+06 0.142659E+07 0.974833E+06 0.779360E+06 0.122950E+07 0.778244E+06
    3.1000 0.976137E+06 0.142612E+07 0.974901E+06 0.779404E+06 0.122911E+07 0.778276E+06
    3.1125 0.976217E+06 0.142564E+07 0.974970E+06 0.779450E+06 0.122871E+07 0.778311E+06
    3.1250 0.976299E+06 0.142517E+07 0.975042E+06 0.779498E+06 0.122832E+07 0.778348E+06
    3.1375 0.976382E+06 0.142470E+07 0.975115E+06 0.779548E+06 0.122792E+07 0.778387E+06
    3.1500 0.976467E+06 0.142423E+07 0.975189E+06 0.779601E+06 0.122752E+07 0.778429E+06
    3.1625 0.976554E+06 0.142376E+07 0.975265E+06 0.779657E+06 0.122712E+07 0.778473E+06
    3.1750 0.976643E+06 0.142329E+07 0.975343E+06 0.779715E+06 0.122672E+07 0.778520E+06
    3.1875 0.976733E+06 0.142283E+07 0.975422E+06 0.779775E+06 0.122632E+07 0.778569E+06
    3.2000 0.976825E+06 0.142237E+07 0.975502E+06 0.779838E+06 0.122591E+07 0.778620E+06
    3.2125 0.976918E+06 0.142191E+07 0.975584E+06 0.779903E+06 0.122550E+07 0.778674E+06
    3.2250 0.977014E+06 0.142145E+07 0.975667E+06 0.779971E+06 0.122509E+07 0.778731E+06
    3.2375 0.977110E+06 0.142100E+07 0.975752E+06 0.780041E+06 0.122468E+07 0.778790E+06
    3.2500 0.977209E+06 0.142054E+07 0.975839E+06 0.780114E+06 0.122427E+07 0.778852E+06
    3.2625 0.977309E+06 0.142009E+07 0.975927E+06 0.780189E+06 0.122385E+07 0.778916E+06
    3.2750 0.977412E+06 0.141965E+07 0.976017E+06 0.780267E+06 0.122343E+07 0.778983E+06
    3.2875 0.977516E+06 0.141920E+07 0.976109E+06 0.780347E+06 0.122302E+07 0.779052E+06
    3.3000 0.977621E+06 0.141876E+07 0.976202E+06 0.780430E+06 0.122260E+07 0.779123E+06
    3.3125 0.977729E+06 0.141832E+07 0.976297E+06 0.780514E+06 0.122218E+07 0.779197E+06
    3.3250 0.977838E+06 0.141788E+07 0.976394E+06 0.780602E+06 0.122176E+07 0.779273E+06
    3.3375 0.977950E+06 0.141744E+07 0.976492E+06 0.780691E+06 0.122134E+07 0.779352E+06
    3.3500 0.978063E+06 0.141701E+07 0.976593E+06 0.780783E+06 0.122092E+07 0.779433E+06
    3.3625 0.978178E+06 0.141657E+07 0.976696E+06 0.780876E+06 0.122049E+07 0.779515E+06
    3.3750 0.978295E+06 0.141614E+07 0.976800E+06 0.780972E+06 0.122007E+07 0.779600E+06
    3.3875 0.978414E+06 0.141570E+07 0.976907E+06 0.781070E+06 0.121965E+07 0.779687E+06
    3.4000 0.978535E+06 0.141527E+07 0.977015E+06 0.781170E+06 0.121923E+07 0.779776E+06
    3.4125 0.978658E+06 0.141484E+07 0.977126E+06 0.781272E+06 0.121882E+07 0.779868E+06
    3.4250 0.978783E+06 0.141441E+07 0.977239E+06 0.781376E+06 0.121840E+07 0.779961E+06
    3.4375 0.978910E+06 0.141397E+07 0.977354E+06 0.781482E+06 0.121798E+07 0.780055E+06
    3.4500 0.979039E+06 0.141354E+07 0.977471E+06 0.781590E+06 0.121757E+07 0.780152E+06
    3.4625 0.979170E+06 0.141311E+07 0.977590E+06 0.781700E+06 0.121716E+07 0.780251E+06
    3.4750 0.979303E+06 0.141268E+07 0.977712E+06 0.781811E+06 0.121674E+07 0.780351E+06
    3.4875 0.979438E+06 0.141225E+07 0.977836E+06 0.781924E+06 0.121634E+07 0.780453E+06
    3.5000 0.979575E+06 0.141182E+07 0.977962E+06 0.782039E+06 0.121593E+07 0.780556E+06
    3.5125 0.979714E+06 0.141139E+07 0.978090E+06 0.782155E+06 0.121552E+07 0.780662E+06
    3.5250 0.979855E+06 0.141096E+07 0.978221E+06 0.782273E+06 0.121512E+07 0.780769E+06
    3.5375 0.979998E+06 0.141053E+07 0.978354E+06 0.782393E+06 0.121472E+07 0.780878E+06
    3.5500 0.980143E+06 0.141010E+07 0.978489E+06 0.782515E+06 0.121432E+07 0.780988E+06
    3.5625 0.980290E+06 0.140967E+07 0.978626E+06 0.782638E+06 0.121393E+07 0.781100E+06
    3.5750 0.980439E+06 0.140924E+07 0.978766E+06 0.782763E+06 0.121353E+07 0.781214E+06
    3.5875 0.980590E+06 0.140881E+07 0.978907E+06 0.782889E+06 0.121314E+07 0.781329E+06
    3.6000 0.980742E+06 0.140838E+07 0.979051E+06 0.783018E+06 0.121275E+07 0.781446E+06
    3.6125 0.980897E+06 0.140795E+07 0.979197E+06 0.783147E+06 0.121236E+07 0.781565E+06
    3.6250 0.981052E+06 0.140752E+07 0.979345E+06 0.783279E+06 0.121198E+07 0.781686E+06
    3.6375 0.981210E+06 0.140709E+07 0.979495E+06 0.783412E+06 0.121159E+07 0.781808E+06
    3.6500 0.981369E+06 0.140666E+07 0.979646E+06 0.783547E+06 0.121121E+07 0.781932E+06
    3.6625 0.981530E+06 0.140624E+07 0.979800E+06 0.783684E+06 0.121083E+07 0.782058E+06
    3.6750 0.981692E+06 0.140581E+07 0.979955E+06 0.783822E+06 0.121045E+07 0.782186E+06
    3.6875 0.981856E+06 0.140539E+07 0.980112E+06 0.783961E+06 0.121007E+07 0.782315E+06
    3.7000 0.982021E+06 0.140497E+07 0.980270E+06 0.784102E+06 0.120969E+07 0.782446E+06
    3.7125 0.982187E+06 0.140455E+07 0.980430E+06 0.784245E+06 0.120932E+07 0.782579E+06
    3.7250 0.982355E+06 0.140413E+07 0.980591E+06 0.784390E+06 0.120894E+07 0.782714E+06
    3.7375 0.982524E+06 0.140372E+07 0.980754E+06 0.784536E+06 0.120857E+07 0.782850E+06
    3.7500 0.982694E+06 0.140330E+07 0.980919E+06 0.784683E+06 0.120819E+07 0.782989E+06
    3.7625 0.982866E+06 0.140289E+07 0.981084E+06 0.784832E+06 0.120782E+07 0.783129E+06
    3.7750 0.983038E+06 0.140248E+07 0.981252E+06 0.784982E+06 0.120745E+07 0.783271E+06
    3.7875 0.983212E+06 0.140208E+07 0.981420E+06 0.785134E+06 0.120708E+07 0.783414E+06
    3.8000 0.983387E+06 0.140167E+07 0.981590E+06 0.785287E+06 0.120671E+07 0.783560E+06
    3.8125 0.983563E+06 0.140127E+07 0.981761E+06 0.785441E+06 0.120634E+07 0.783707E+06
    3.8250 0.983739E+06 0.140088E+07 0.981932E+06 0.785597E+06 0.120597E+07 0.783856E+06
    3.8375 0.983917E+06 0.140048E+07 0.982105E+06 0.785754E+06 0.120560E+07 0.784007E+06
    3.8500 0.984095E+06 0.140009E+07 0.982279E+06 0.785913E+06 0.120523E+07 0.784160E+06
    3.8625 0.984274E+06 0.139970E+07 0.982454E+06 0.786072E+06 0.120486E+07 0.784314E+06
    3.8750 0.984454E+06 0.139932E+07 0.982629E+06 0.786233E+06 0.120450E+07 0.784469E+06
    3.8875 0.984634E+06 0.139894E+07 0.982806E+06 0.786395E+06 0.120413E+07 0.784627E+06
    3.9000 0.984815E+06 0.139856E+07 0.982983E+06 0.786558E+06 0.120376E+07 0.784786E+06
    3.9125 0.984997E+06 0.139819E+07 0.983162E+06 0.786723E+06 0.120340E+07 0.784946E+06
    3.9250 0.985180E+06 0.139782E+07 0.983341E+06 0.786888E+06 0.120303E+07 0.785108E+06
    3.9375 0.985363E+06 0.139745E+07 0.983521E+06 0.787054E+06 0.120267E+07 0.785271E+06
    3.9500 0.985548E+06 0.139709E+07 0.983702E+06 0.787221E+06 0.120231E+07 0.785436E+06
    3.9625 0.985732E+06 0.139672E+07 0.983884E+06 0.787389E+06 0.120195E+07 0.785601E+06
    3.9750 0.985918E+06 0.139636E+07 0.984066E+06 0.787558E+06 0.120159E+07 0.785768E+06
    3.9875 0.986104E+06 0.139601E+07 0.984250E+06 0.787727E+06 0.120123E+07 0.785936E+06
    4.0000 0.986291E+06 0.139565E+07 0.984435E+06 0.787897E+06 0.120088E+07 0.786106E+06
    4.0125 0.986479E+06 0.139530E+07 0.984620E+06 0.788068E+06 0.120052E+07 0.786276E+06
    4.0250 0.986666E+06 0.139495E+07 0.984806E+06 0.788239E+06 0.120017E+07 0.786447E+06
    4.0375 0.986854E+06 0.139461E+07 0.984992E+06 0.788411E+06 0.119982E+07 0.786619E+06
    4.0500 0.987043E+06 0.139426E+07 0.985180E+06 0.788584E+06 0.119948E+07 0.786792E+06
    4.0625 0.987231E+06 0.139392E+07 0.985367E+06 0.788757E+06 0.119913E+07 0.786966E+06
    4.0750 0.987420E+06 0.139359E+07 0.985556E+06 0.788930E+06 0.119879E+07 0.787140E+06
    4.0875 0.987610E+06 0.139325E+07 0.985745E+06 0.789104E+06 0.119845E+07 0.787315E+06
    4.1000 0.987799E+06 0.139292E+07 0.985935E+06 0.789278E+06 0.119811E+07 0.787490E+06
    4.1125 0.987989E+06 0.139259E+07 0.986125E+06 0.789452E+06 0.119778E+07 0.787666E+06
    4.1250 0.988179E+06 0.139226E+07 0.986316E+06 0.789627E+06 0.119745E+07 0.787843E+06
    4.1375 0.988370E+06 0.139193E+07 0.986507E+06 0.789801E+06 0.119712E+07 0.788020E+06
    4.1500 0.988560E+06 0.139161E+07 0.986699E+06 0.789976E+06 0.119680E+07 0.788197E+06
    4.1625 0.988751E+06 0.139129E+07 0.986892E+06 0.790150E+06 0.119647E+07 0.788374E+06
    4.1750 0.988942E+06 0.139096E+07 0.987085E+06 0.790325E+06 0.119616E+07 0.788552E+06
    4.1875 0.989133E+06 0.139065E+07 0.987279E+06 0.790500E+06 0.119584E+07 0.788730E+06
    4.2000 0.989324E+06 0.139033E+07 0.987473E+06 0.790675E+06 0.119553E+07 0.788908E+06
    4.2125 0.989515E+06 0.139001E+07 0.987667E+06 0.790849E+06 0.119522E+07 0.789086E+06
    4.2250 0.989705E+06 0.138970E+07 0.987861E+06 0.791024E+06 0.119492E+07 0.789264E+06
    4.2375 0.989896E+06 0.138940E+07 0.988056E+06 0.791198E+06 0.119462E+07 0.789443E+06
    4.2500 0.990086E+06 0.138909E+07 0.988250E+06 0.791372E+06 0.119432E+07 0.789621E+06
    4.2625 0.990275E+06 0.138879E+07 0.988445E+06 0.791546E+06 0.119403E+07 0.789799E+06
    4.2750 0.990464E+06 0.138849E+07 0.988639E+06 0.791720E+06 0.119374E+07 0.789978E+06
    4.2875 0.990653E+06 0.138819E+07 0.988833E+06 0.791894E+06 0.119345E+07 0.790156E+06
    4.3000 0.990841E+06 0.138790E+07 0.989027E+06 0.792067E+06 0.119316E+07 0.790334E+06
    4.3125 0.991029E+06 0.138761E+07 0.989220E+06 0.792240E+06 0.119288E+07 0.790512E+06
    4.3250 0.991216E+06 0.138732E+07 0.989414E+06 0.792412E+06 0.119260E+07 0.790690E+06
    4.3375 0.991402E+06 0.138704E+07 0.989607E+06 0.792584E+06 0.119233E+07 0.790867E+06
    4.3500 0.991588E+06 0.138676E+07 0.989800E+06 0.792756E+06 0.119206E+07 0.791045E+06
    4.3625 0.991774E+06 0.138648E+07 0.989992E+06 0.792927E+06 0.119179E+07 0.791222E+06
    4.3750 0.991958E+06 0.138621E+07 0.990183E+06 0.793098E+06 0.119152E+07 0.791399E+06
    4.3875 0.992142E+06 0.138594E+07 0.990375E+06 0.793268E+06 0.119126E+07 0.791575E+06
    4.4000 0.992325E+06 0.138567E+07 0.990565E+06 0.793437E+06 0.119100E+07 0.791751E+06
    4.4125 0.992507E+06 0.138541E+07 0.990755E+06 0.793606E+06 0.119074E+07 0.791927E+06
    4.4250 0.992688E+06 0.138515E+07 0.990944E+06 0.793774E+06 0.119049E+07 0.792102E+06
    4.4375 0.992868E+06 0.138490E+07 0.991132E+06 0.793942E+06 0.119023E+07 0.792277E+06
    4.4500 0.993046E+06 0.138465E+07 0.991318E+06 0.794109E+06 0.118998E+07 0.792452E+06
    4.4625 0.993223E+06 0.138440E+07 0.991504E+06 0.794275E+06 0.118974E+07 0.792626E+06
    4.4750 0.993399E+06 0.138417E+07 0.991688E+06 0.794440E+06 0.118949E+07 0.792799E+06
    4.4875 0.993574E+06 0.138393E+07 0.991872E+06 0.794605E+06 0.118925E+07 0.792972E+06
    4.5000 0.993748E+06 0.138370E+07 0.992054E+06 0.794768E+06 0.118902E+07 0.793144E+06
    4.5125 0.993920E+06 0.138348E+07 0.992234E+06 0.794931E+06 0.118878E+07 0.793316E+06
    4.5250 0.994091E+06 0.138326E+07 0.992414E+06 0.795092E+06 0.118855E+07 0.793486E+06
    4.5375 0.994260E+06 0.138304E+07 0.992592E+06 0.795253E+06 0.118832E+07 0.793656E+06
    4.5500 0.994429E+06 0.138283E+07 0.992770E+06 0.795412E+06 0.118809E+07 0.793825E+06
    4.5625 0.994596E+06 0.138262E+07 0.992945E+06 0.795571E+06 0.118787E+07 0.793993E+06
    4.5750 0.994761E+06 0.138242E+07 0.993120E+06 0.795728E+06 0.118765E+07 0.794160E+06
    4.5875 0.994926E+06 0.138222E+07 0.993293E+06 0.795884E+06 0.118743E+07 0.794326E+06
    4.6000 0.995088E+06 0.138203E+07 0.993465E+06 0.796038E+06 0.118722E+07 0.794491E+06
    4.6125 0.995250E+06 0.138184E+07 0.993636E+06 0.796191E+06 0.118701E+07 0.794654E+06
    4.6250 0.995409E+06 0.138166E+07 0.993804E+06 0.796343E+06 0.118681E+07 0.794817E+06
    4.6375 0.995567E+06 0.138148E+07 0.993971E+06 0.796494E+06 0.118661E+07 0.794978E+06
    4.6500 0.995723E+06 0.138131E+07 0.994137E+06 0.796643E+06 0.118641E+07 0.795138E+06
    4.6625 0.995877E+06 0.138114E+07 0.994300E+06 0.796790E+06 0.118621E+07 0.795296E+06
    4.6750 0.996030E+06 0.138097E+07 0.994462E+06 0.796936E+06 0.118602E+07 0.795453E+06
    4.6875 0.996180E+06 0.138081E+07 0.994622E+06 0.797081E+06 0.118584E+07 0.795609E+06
    4.7000 0.996329E+06 0.138066E+07 0.994781E+06 0.797224E+06 0.118565E+07 0.795763E+06
    4.7125 0.996477E+06 0.138051E+07 0.994938E+06 0.797365E+06 0.118548E+07 0.795915E+06
    4.7250 0.996622E+06 0.138036E+07 0.995093E+06 0.797504E+06 0.118530E+07 0.796065E+06
    4.7375 0.996766E+06 0.138022E+07 0.995246E+06 0.797642E+06 0.118514E+07 0.796214E+06
    4.7500 0.996907E+06 0.138008E+07 0.995398E+06 0.797778E+06 0.118497E+07 0.796361E+06
    4.7625 0.997047E+06 0.137995E+07 0.995548E+06 0.797911E+06 0.118481E+07 0.796506E+06
    4.7750 0.997186E+06 0.137982E+07 0.995696E+06 0.798043E+06 0.118466E+07 0.796649E+06
    4.7875 0.997322E+06 0.137969E+07 0.995842E+06 0.798174E+06 0.118451E+07 0.796791E+06
    4.8000 0.997456E+06 0.137957E+07 0.995987E+06 0.798302E+06 0.118436E+07 0.796930E+06
    4.8125 0.997589E+06 0.137945E+07 0.996130E+06 0.798428E+06 0.118423E+07 0.797067E+06
    4.8250 0.997719E+06 0.137934E+07 0.996270E+06 0.798552E+06 0.118409E+07 0.797202E+06
    4.8375 0.997847E+06 0.137923E+07 0.996409E+06 0.798674E+06 0.118396E+07 0.797336E+06
    4.8500 0.997973E+06 0.137913E+07 0.996545E+06 0.798794E+06 0.118384E+07 0.797467E+06
    4.8625 0.998096E+06 0.137903E+07 0.996679E+06 0.798913E+06 0.118372E+07 0.797596E+06
    4.8750 0.998218E+06 0.137894E+07 0.996811E+06 0.799029E+06 0.118360E+07 0.797722E+06
    4.8875 0.998337E+06 0.137885E+07 0.996940E+06 0.799143E+06 0.118349E+07 0.797847E+06
    4.9000 0.998454E+06 0.137877E+07 0.997068E+06 0.799254E+06 0.118339E+07 0.797969E+06
    4.9125 0.998568E+06 0.137869E+07 0.997193E+06 0.799364E+06 0.118329E+07 0.798090E+06
    4.9250 0.998681E+06 0.137861E+07 0.997316E+06 0.799472E+06 0.118320E+07 0.798207E+06
    4.9375 0.998791E+06 0.137855E+07 0.997437E+06 0.799577E+06 0.118311E+07 0.798323E+06
    4.9500 0.998898E+06 0.137848E+07 0.997555E+06 0.799680E+06 0.118302E+07 0.798436E+06
    4.9625 0.999004E+06 0.137842E+07 0.997671E+06 0.799780E+06 0.118295E+07 0.798547E+06
    4.9750 0.999107E+06 0.137837E+07 0.997785E+06 0.799879E+06 0.118287E+07 0.798656E+06
    4.9875 0.999208E+06 0.137832E+07 0.997896E+06 0.799975E+06 0.118281E+07 0.798762E+06
    5.0000 0.999306E+06 0.137828E+07 0.998005E+06 0.800069E+06 0.118274E+07 0.798866E+06
    5.0125 0.999402E+06 0.137824E+07 0.998112E+06 0.800161E+06 0.118268E+07 0.798968E+06
    5.0250 0.999495E+06 0.137820E+07 0.998215E+06 0.800250E+06 0.118263E+07 0.799067E+06
    5.0375 0.999586E+06 0.137818E+07 0.998316E+06 0.800337E+06 0.118258E+07 0.799164E+06
    5.0500 0.999674E+06 0.137816E+07 0.998414E+06 0.800422E+06 0.118254E+07 0.799258E+06
    5.0625 0.999760E+06 0.137814E+07 0.998510E+06 0.800505E+06 0.118250E+07 0.799350E+06
    5.0750 0.999843E+06 0.137813E+07 0.998603E+06 0.800585E+06 0.118247E+07 0.799440E+06
    5.0875 0.999923E+06 0.137813E+07 0.998693E+06 0.800663E+06 0.118244E+07 0.799528E+06
    5.1000 0.100000E+07 0.137813E+07 0.998780E+06 0.800738E+06 0.118242E+07 0.799612E+06
    5.1125 0.100008E+07 0.137814E+07 0.998865E+06 0.800811E+06 0.118240E+07 0.799695E+06
    5.1250 0.100015E+07 0.137816E+07 0.998946E+06 0.800882E+06 0.118239E+07 0.799775E+06
    5.1375 0.100022E+07 0.137818E+07 0.999026E+06 0.800950E+06 0.118238E+07 0.799853E+06
    5.1500 0.100028E+07 0.137820E+07 0.999102E+06 0.801016E+06 0.118238E+07 0.799928E+06
    5.1625 0.100035E+07 0.137824E+07 0.999176E+06 0.801079E+06 0.118238E+07 0.800000E+06
    5.1750 0.100041E+07 0.137827E+07 0.999247E+06 0.801140E+06 0.118239E+07 0.800070E+06
    5.1875 0.100047E+07 0.137832E+07 0.999315E+06 0.801199E+06 0.118240E+07 0.800138E+06
    5.2000 0.100053E+07 0.137837E+07 0.999381E+06 0.801255E+06 0.118242E+07 0.800203E+06
    5.2125 0.100058E+07 0.137842E+07 0.999444E+06 0.801308E+06 0.118245E+07 0.800265E+06
    5.2250 0.100064E+07 0.137849E+07 0.999504E+06 0.801360E+06 0.118248E+07 0.800325E+06
    5.2375 0.100068E+07 0.137855E+07 0.999561E+06 0.801408E+06 0.118251E+07 0.800382E+06
    5.2500 0.100073E+07 0.137863E+07 0.999616E+06 0.801455E+06 0.118255E+07 0.800437E+06
    5.2625 0.100078E+07 0.137871E+07 0.999667E+06 0.801498E+06 0.118260E+07 0.800490E+06
    5.2750 0.100082E+07 0.137880E+07 0.999716E+06 0.801540E+06 0.118265E+07 0.800539E+06
    5.2875 0.100085E+07 0.137889E+07 0.999762E+06 0.801579E+06 0.118271E+07 0.800587E+06
    5.3000 0.100089E+07 0.137899E+07 0.999805E+06 0.801615E+06 0.118277E+07 0.800631E+06
    5.3125 0.100092E+07 0.137909E+07 0.999846E+06 0.801649E+06 0.118284E+07 0.800673E+06
    5.3250 0.100096E+07 0.137920E+07 0.999884E+06 0.801681E+06 0.118291E+07 0.800713E+06
    5.3375 0.100098E+07 0.137932E+07 0.999919E+06 0.801710E+06 0.118299E+07 0.800749E+06
    5.3500 0.100101E+07 0.137944E+07 0.999952E+06 0.801737E+06 0.118308E+07 0.800784E+06
    5.3625 0.100103E+07 0.137956E+07 0.999982E+06 0.801761E+06 0.118317E+07 0.800815E+06
    5.3750 0.100106E+07 0.137970E+07 0.100001E+07 0.801782E+06 0.118327E+07 0.800844E+06
    5.3875 0.100108E+07 0.137983E+07 0.100004E+07 0.801802E+06 0.118337E+07 0.800870E+06
    5.4000 0.100109E+07 0.137998E+07 0.100006E+07 0.801819E+06 0.118348E+07 0.800894E+06
    5.4125 0.100111E+07 0.138012E+07 0.100008E+07 0.801833E+06 0.118360E+07 0.800916E+06
